<?xml version="1.0" encoding="UTF-8"?>
<!-- Generated by org.testng.reporters.JUnitReportReporter -->
<testsuite skipped="0" hostname="KMG-LT304" name="ShopTest" tests="1" failures="0" timestamp="2022-01-23T01:01:31 PST" time="19.293" errors="0">
  <testcase name="HomepageTitleTest" time="19.293" classname="ShopTest"/>
  <system-out/>
</testsuite> <!-- ShopTest -->
