<?xml version="1.0" encoding="UTF-8"?>
<!-- Generated by org.testng.reporters.JUnitReportReporter -->
<testsuite hostname="KMG-LT304" failures="0" tests="1" name="TestLayer.OrderPageTest" time="42.972" errors="0" timestamp="2022-01-31T11:19:48 PST" skipped="0">
  <testcase classname="TestLayer.OrderPageTest" name="OrderPageTitleTest" time="42.972"/>
  <system-out/>
</testsuite> <!-- TestLayer.OrderPageTest -->
