<?xml version="1.0" encoding="UTF-8"?>
<!-- Generated by org.testng.reporters.JUnitReportReporter -->
<testsuite hostname="KMG-LT304" failures="0" tests="1" name="TestLayer.ShopTest" time="97.902" errors="0" timestamp="2022-02-06T07:16:39 PST" skipped="0">
  <testcase classname="TestLayer.ShopTest" name="HomepageTitleTest" time="97.902"/>
  <system-out/>
</testsuite> <!-- TestLayer.ShopTest -->
