<?xml version="1.0" encoding="UTF-8"?>
<!-- Generated by org.testng.reporters.JUnitReportReporter -->
<testsuite hostname="KMG-LT304" failures="0" tests="1" name="TestLayer.ThinkingPageTest" time="74.792" errors="0" timestamp="2022-02-06T09:24:27 PST" skipped="0">
  <testcase classname="TestLayer.ThinkingPageTest" name="ThinkingPageTitleTest" time="74.792"/>
  <system-out/>
</testsuite> <!-- TestLayer.ThinkingPageTest -->
